[2025-03-12 00:33:23]:[ERROR] - Error in subscription endpoint
[2025-03-12 00:34:23]:[ERROR] - Subscription failed
[2025-03-12 00:35:28]:[ERROR] - Subscription failed
[2025-03-12 00:36:03]:[ERROR] - Subscription failed
[2025-03-12 10:07:03]:[ERROR] - Error in subscription endpoint
[2025-03-12 10:07:17]:[ERROR] - Error in POST handler
[2025-03-12 10:07:17]:[ERROR] - Error in subscription endpoint
[2025-03-12 10:07:32]:[ERROR] - Error in POST handler
[2025-03-12 10:07:32]:[ERROR] - Error in subscription endpoint
[2025-03-12 10:08:23]:[ERROR] - Error in POST handler
[2025-03-12 10:08:23]:[ERROR] - Error in subscription endpoint
[2025-03-12 10:08:44]:[ERROR] - Error in POST handler
[2025-03-12 10:09:15]:[ERROR] - Error in POST handler
[2025-03-12 10:09:43]:[ERROR] - Error in POST handler
[2025-03-12 10:11:42]:[ERROR] - Something went wrong! {"error":{}}
[2025-03-12 10:11:42]:[ERROR] - Error in POST handler {"error":"data is not defined"}
[2025-03-12 10:13:14]:[ERROR] - Something went wrong! {"error":{}}
[2025-03-12 10:13:14]:[ERROR] - Error in subscription endpoint {"0":"s","1":"u","2":"b","3":"s","4":"c","5":"r","6":"i","7":"p","8":"t","9":"i","10":"o","11":"n","12":"_","13":"d","14":"a","15":"t","16":"a","17":" ","18":"i","19":"s","20":" ","21":"n","22":"o","23":"t","24":" ","25":"d","26":"e","27":"f","28":"i","29":"n","30":"e","31":"d"}
[2025-03-12 10:13:25]:[ERROR] - Something went wrong! {"error":{}}
[2025-03-12 10:13:26]:[ERROR] - Error in request function {"error":"Request failed with status: 401"}
[2025-03-12 10:13:26]:[ERROR] - Error in POST handler {"error":"Failed to send request to external API."}
[2025-03-12 10:15:36]:[ERROR] - Something went wrong! {"error":{}}
[2025-03-12 10:15:36]:[ERROR] - Error in request function {"error":"Request failed with status: 401"}
[2025-03-12 10:15:36]:[ERROR] - Error in POST handler {"error":"Failed to send request to external API."}
[2025-03-12 10:15:54]:[ERROR] - Something went wrong! {"error":{}}
[2025-03-12 10:15:55]:[ERROR] - Error in request function {"error":"Request failed with status: 401: Unauthorized"}
[2025-03-12 10:15:55]:[ERROR] - Error in POST handler {"error":"Failed to send request to external API."}
[2025-03-12 10:18:13]:[ERROR] - Error in request function {"error":"Request failed with status: 401: Unauthorized"}
[2025-03-12 10:18:13]:[ERROR] - Error in POST handler {"error":"Failed to send request to external API."}
[2025-03-12 10:28:02]:[ERROR] - Error in subscription endpoint {"0":"E","1":"x","2":"p","3":"e","4":"c","5":"t","6":"e","7":"d","8":" ","9":"d","10":"o","11":"u","12":"b","13":"l","14":"e","15":"-","16":"q","17":"u","18":"o","19":"t","20":"e","21":"d","22":" ","23":"p","24":"r","25":"o","26":"p","27":"e","28":"r","29":"t","30":"y","31":" ","32":"n","33":"a","34":"m","35":"e","36":" ","37":"i","38":"n","39":" ","40":"J","41":"S","42":"O","43":"N","44":" ","45":"a","46":"t","47":" ","48":"p","49":"o","50":"s","51":"i","52":"t","53":"i","54":"o","55":"n","56":" ","57":"1","58":"5","59":"9","60":" ","61":"(","62":"l","63":"i","64":"n","65":"e","66":" ","67":"8","68":" ","69":"c","70":"o","71":"l","72":"u","73":"m","74":"n","75":" ","76":"5","77":")"}
[2025-03-12 10:34:18]:[ERROR] - Subscription failed {"error":{"type":"Unauthorized","message_error":"error:wrong sign 1"}}
[2025-03-12 10:35:38]:[ERROR] - Subscription failed {"error":{"type":"Unauthorized","message_error":"error:wrong sign 1"}}
[2025-03-12 10:36:04]:[ERROR] - Subscription failed {"error":{"type":"Unauthorized","message_error":"error:wrong sign 1"}}
